<?xml version="1.0" encoding="UTF-8"?>
<!-- Generated by org.testng.reporters.JUnitReportReporter -->
<testsuite hostname="DESKTOP-QON7OO4" failures="0" tests="1" name="MyTestCases" time="0.007" errors="0" timestamp="2024-12-19T16:38:54 TRT" skipped="0">
  <testcase classname="MyTestCases" name="test1" time="0.007"/>
</testsuite> <!-- MyTestCases -->
